2021-07-06 22:49:36 0 [Note] InnoDB: Mutexes and rw_locks use Windows interlocked functions
2021-07-06 22:49:36 0 [Note] InnoDB: Uses event mutexes
2021-07-06 22:49:36 0 [Note] InnoDB: Compressed tables use zlib 1.2.11
2021-07-06 22:49:36 0 [Note] InnoDB: Number of pools: 1
2021-07-06 22:49:36 0 [Note] InnoDB: Using SSE2 crc32 instructions
2021-07-06 22:49:36 0 [Note] InnoDB: Initializing buffer pool, total size = 16M, instances = 1, chunk size = 16M
2021-07-06 22:49:36 0 [Note] InnoDB: Completed initialization of buffer pool
2021-07-06 22:49:36 0 [Note] InnoDB: Starting crash recovery from checkpoint LSN=300288
2021-07-06 22:49:36 0 [Note] InnoDB: 128 out of 128 rollback segments are active.
2021-07-06 22:49:36 0 [Note] InnoDB: Removed temporary tablespace data file: "ibtmp1"
2021-07-06 22:49:36 0 [Note] InnoDB: Creating shared tablespace for temporary tables
2021-07-06 22:49:36 0 [Note] InnoDB: Setting file '\xampp\mysql\data\ibtmp1' size to 12 MB. Physically writing the file full; Please wait ...
2021-07-06 22:49:36 0 [Note] InnoDB: File '\xampp\mysql\data\ibtmp1' size is now 12 MB.
2021-07-06 22:49:36 0 [Note] InnoDB: Waiting for purge to start
2021-07-06 22:49:37 0 [Note] InnoDB: 10.4.19 started; log sequence number 300297; transaction id 170
2021-07-06 22:49:37 0 [Note] InnoDB: Loading buffer pool(s) from C:\xampp\mysql\data\ib_buffer_pool
2021-07-06 22:49:37 0 [Note] Plugin 'FEEDBACK' is disabled.
2021-07-06 22:49:37 0 [Note] InnoDB: Buffer pool(s) load completed at 210706 22:49:37
2021-07-06 22:49:37 0 [Note] Server socket created on IP: '::'.
2021-07-06 22:49:37 0 [Note] Reading of all Master_info entries succeeded
2021-07-06 22:49:37 0 [Note] Added new Master_info '' to hash table
2021-07-06 22:49:37 0 [Note] mysql\bin\mysqld.exe: ready for connections.
Version: '10.4.19-MariaDB'  socket: ''  port: 3306  mariadb.org binary distribution
2021-07-06 22:49:55 0 [ERROR] InnoDB: The innodb_system data file 'ibdata1' must be writable
2021-07-06 22:49:55 0 [ERROR] InnoDB: The innodb_system data file 'ibdata1' must be writable
2021-07-06 22:49:55 0 [ERROR] Plugin 'InnoDB' init function returned error.
2021-07-06 22:49:55 0 [ERROR] Plugin 'InnoDB' registration as a STORAGE ENGINE failed.
2021-07-06 22:49:55 0 [Note] Plugin 'FEEDBACK' is disabled.
2021-07-06 22:49:55 0 [ERROR] Unknown/unsupported storage engine: InnoDB
2021-07-06 22:49:55 0 [ERROR] Aborting
2021-07-06 22:52:19 0 [Note] mysql\bin\mysqld.exe (initiated by: unknown): Normal shutdown
2021-07-06 22:52:19 0 [Note] Event Scheduler: Purging the queue. 0 events
2021-07-06 22:52:19 0 [Note] InnoDB: FTS optimize thread exiting.
2021-07-06 22:52:19 0 [Note] InnoDB: Starting shutdown...
2021-07-06 22:52:19 0 [Note] InnoDB: Dumping buffer pool(s) to C:\xampp\mysql\data\ib_buffer_pool
2021-07-06 22:52:19 0 [Note] InnoDB: Instance 0, restricted to 250 pages due to innodb_buf_pool_dump_pct=25
2021-07-06 22:52:19 0 [Note] InnoDB: Buffer pool(s) dump completed at 210706 22:52:19
2021-07-06 22:52:20 0 [Note] InnoDB: Removed temporary tablespace data file: "ibtmp1"
2021-07-06 22:52:20 0 [Note] InnoDB: Shutdown completed; log sequence number 300315; transaction id 171
2021-07-06 22:52:20 0 [Note] mysql\bin\mysqld.exe: Shutdown complete

2021-07-06 22:52:32 0 [Note] InnoDB: Mutexes and rw_locks use Windows interlocked functions
2021-07-06 22:52:32 0 [Note] InnoDB: Uses event mutexes
2021-07-06 22:52:32 0 [Note] InnoDB: Compressed tables use zlib 1.2.11
2021-07-06 22:52:32 0 [Note] InnoDB: Number of pools: 1
2021-07-06 22:52:32 0 [Note] InnoDB: Using SSE2 crc32 instructions
2021-07-06 22:52:32 0 [Note] InnoDB: Initializing buffer pool, total size = 16M, instances = 1, chunk size = 16M
2021-07-06 22:52:32 0 [Note] InnoDB: Completed initialization of buffer pool
2021-07-06 22:52:32 0 [Note] InnoDB: 128 out of 128 rollback segments are active.
2021-07-06 22:52:32 0 [Note] InnoDB: Creating shared tablespace for temporary tables
2021-07-06 22:52:32 0 [Note] InnoDB: Setting file '\xampp\mysql\data\ibtmp1' size to 12 MB. Physically writing the file full; Please wait ...
2021-07-06 22:52:32 0 [Note] InnoDB: File '\xampp\mysql\data\ibtmp1' size is now 12 MB.
2021-07-06 22:52:32 0 [Note] InnoDB: Waiting for purge to start
2021-07-06 22:52:32 0 [Note] InnoDB: 10.4.19 started; log sequence number 300315; transaction id 170
2021-07-06 22:52:32 0 [Note] InnoDB: Loading buffer pool(s) from C:\xampp\mysql\data\ib_buffer_pool
2021-07-06 22:52:32 0 [Note] Plugin 'FEEDBACK' is disabled.
2021-07-06 22:52:32 0 [Note] Server socket created on IP: '::'.
2021-07-06 22:52:32 0 [Note] InnoDB: Buffer pool(s) load completed at 210706 22:52:32
2021-07-06 22:52:32 0 [Note] Reading of all Master_info entries succeeded
2021-07-06 22:52:32 0 [Note] Added new Master_info '' to hash table
2021-07-06 22:52:32 0 [Note] mysql\bin\mysqld.exe: ready for connections.
Version: '10.4.19-MariaDB'  socket: ''  port: 3306  mariadb.org binary distribution
2021-07-06 22:53:27 0 [Note] mysql\bin\mysqld.exe (initiated by: unknown): Normal shutdown
2021-07-06 22:53:27 0 [Note] Event Scheduler: Purging the queue. 0 events
2021-07-06 22:53:27 0 [Note] InnoDB: FTS optimize thread exiting.
2021-07-06 22:53:27 0 [Note] InnoDB: Starting shutdown...
2021-07-06 22:53:27 0 [Note] InnoDB: Dumping buffer pool(s) to C:\xampp\mysql\data\ib_buffer_pool
2021-07-06 22:53:27 0 [Note] InnoDB: Instance 0, restricted to 250 pages due to innodb_buf_pool_dump_pct=25
2021-07-06 22:53:27 0 [Note] InnoDB: Buffer pool(s) dump completed at 210706 22:53:27
2021-07-06 22:53:28 0 [Note] InnoDB: Removed temporary tablespace data file: "ibtmp1"
2021-07-06 22:53:28 0 [Note] InnoDB: Shutdown completed; log sequence number 300324; transaction id 171
2021-07-06 22:53:28 0 [Note] mysql\bin\mysqld.exe: Shutdown complete

2021-07-06 22:53:48 0 [Note] InnoDB: Mutexes and rw_locks use Windows interlocked functions
2021-07-06 22:53:48 0 [Note] InnoDB: Uses event mutexes
2021-07-06 22:53:48 0 [Note] InnoDB: Compressed tables use zlib 1.2.11
2021-07-06 22:53:48 0 [Note] InnoDB: Number of pools: 1
2021-07-06 22:53:48 0 [Note] InnoDB: Using SSE2 crc32 instructions
2021-07-06 22:53:48 0 [Note] InnoDB: Initializing buffer pool, total size = 16M, instances = 1, chunk size = 16M
2021-07-06 22:53:48 0 [Note] InnoDB: Completed initialization of buffer pool
2021-07-06 22:53:49 0 [Note] InnoDB: 128 out of 128 rollback segments are active.
2021-07-06 22:53:49 0 [Note] InnoDB: Creating shared tablespace for temporary tables
2021-07-06 22:53:49 0 [Note] InnoDB: Setting file '\xampp\mysql\data\ibtmp1' size to 12 MB. Physically writing the file full; Please wait ...
2021-07-06 22:53:49 0 [Note] InnoDB: File '\xampp\mysql\data\ibtmp1' size is now 12 MB.
2021-07-06 22:53:49 0 [Note] InnoDB: Waiting for purge to start
2021-07-06 22:53:49 0 [Note] InnoDB: 10.4.19 started; log sequence number 300324; transaction id 170
2021-07-06 22:53:49 0 [Note] Plugin 'FEEDBACK' is disabled.
2021-07-06 22:53:49 0 [Note] InnoDB: Loading buffer pool(s) from C:\xampp\mysql\data\ib_buffer_pool
2021-07-06 22:53:49 0 [Note] Server socket created on IP: '::'.
2021-07-06 22:53:49 0 [Note] InnoDB: Buffer pool(s) load completed at 210706 22:53:49
2021-07-06 22:53:49 0 [Note] Reading of all Master_info entries succeeded
2021-07-06 22:53:49 0 [Note] Added new Master_info '' to hash table
2021-07-06 22:53:49 0 [Note] mysql\bin\mysqld.exe: ready for connections.
Version: '10.4.19-MariaDB'  socket: ''  port: 3306  mariadb.org binary distribution
2021-07-06 23:17:44 0 [Note] InnoDB: Mutexes and rw_locks use Windows interlocked functions
2021-07-06 23:17:44 0 [Note] InnoDB: Uses event mutexes
2021-07-06 23:17:44 0 [Note] InnoDB: Compressed tables use zlib 1.2.11
2021-07-06 23:17:44 0 [Note] InnoDB: Number of pools: 1
2021-07-06 23:17:44 0 [Note] InnoDB: Using SSE2 crc32 instructions
2021-07-06 23:17:44 0 [Note] InnoDB: Initializing buffer pool, total size = 16M, instances = 1, chunk size = 16M
2021-07-06 23:17:44 0 [Note] InnoDB: Completed initialization of buffer pool
2021-07-06 23:17:44 0 [Note] InnoDB: Starting crash recovery from checkpoint LSN=300324
2021-07-06 23:17:44 0 [Note] InnoDB: 128 out of 128 rollback segments are active.
2021-07-06 23:17:44 0 [Note] InnoDB: Removed temporary tablespace data file: "ibtmp1"
2021-07-06 23:17:44 0 [Note] InnoDB: Creating shared tablespace for temporary tables
2021-07-06 23:17:44 0 [Note] InnoDB: Setting file '\xampp\mysql\data\ibtmp1' size to 12 MB. Physically writing the file full; Please wait ...
2021-07-06 23:17:44 0 [Note] InnoDB: File '\xampp\mysql\data\ibtmp1' size is now 12 MB.
2021-07-06 23:17:44 0 [Note] InnoDB: Waiting for purge to start
2021-07-06 23:17:44 0 [Note] InnoDB: 10.4.19 started; log sequence number 300333; transaction id 170
2021-07-06 23:17:44 0 [Note] InnoDB: Loading buffer pool(s) from C:\xampp\mysql\data\ib_buffer_pool
2021-07-06 23:17:44 0 [Note] Plugin 'FEEDBACK' is disabled.
2021-07-06 23:17:44 0 [Note] InnoDB: Buffer pool(s) load completed at 210706 23:17:44
2021-07-06 23:17:44 0 [Note] Server socket created on IP: '::'.
2021-07-07 14:09:38 0 [Note] InnoDB: Mutexes and rw_locks use Windows interlocked functions
2021-07-07 14:09:38 0 [Note] InnoDB: Uses event mutexes
2021-07-07 14:09:38 0 [Note] InnoDB: Compressed tables use zlib 1.2.11
2021-07-07 14:09:38 0 [Note] InnoDB: Number of pools: 1
2021-07-07 14:09:38 0 [Note] InnoDB: Using SSE2 crc32 instructions
2021-07-07 14:09:38 0 [Note] InnoDB: Initializing buffer pool, total size = 16M, instances = 1, chunk size = 16M
2021-07-07 14:09:38 0 [Note] InnoDB: Completed initialization of buffer pool
2021-07-07 14:09:38 0 [Note] InnoDB: Starting crash recovery from checkpoint LSN=300674
2021-07-07 14:09:39 0 [Note] InnoDB: 128 out of 128 rollback segments are active.
2021-07-07 14:09:39 0 [Note] InnoDB: Removed temporary tablespace data file: "ibtmp1"
2021-07-07 14:09:39 0 [Note] InnoDB: Creating shared tablespace for temporary tables
2021-07-07 14:09:39 0 [Note] InnoDB: Setting file '\xampp\mysql\data\ibtmp1' size to 12 MB. Physically writing the file full; Please wait ...
2021-07-07 14:09:39 0 [Note] InnoDB: File '\xampp\mysql\data\ibtmp1' size is now 12 MB.
2021-07-07 14:09:39 0 [Note] InnoDB: Waiting for purge to start
2021-07-07 14:09:39 0 [Note] InnoDB: 10.4.19 started; log sequence number 300683; transaction id 193
2021-07-07 14:09:39 0 [Note] InnoDB: Loading buffer pool(s) from C:\xampp\mysql\data\ib_buffer_pool
2021-07-07 14:09:39 0 [Note] Plugin 'FEEDBACK' is disabled.
2021-07-07 14:09:39 0 [Note] InnoDB: Buffer pool(s) load completed at 210707 14:09:39
2021-07-07 14:09:39 0 [Note] Server socket created on IP: '::'.
2021-07-07 14:16:51 0 [Note] InnoDB: Mutexes and rw_locks use Windows interlocked functions
2021-07-07 14:16:51 0 [Note] InnoDB: Uses event mutexes
2021-07-07 14:16:51 0 [Note] InnoDB: Compressed tables use zlib 1.2.11
2021-07-07 14:16:51 0 [Note] InnoDB: Number of pools: 1
2021-07-07 14:16:51 0 [Note] InnoDB: Using SSE2 crc32 instructions
2021-07-07 14:16:51 0 [Note] InnoDB: Initializing buffer pool, total size = 16M, instances = 1, chunk size = 16M
2021-07-07 14:16:51 0 [Note] InnoDB: Completed initialization of buffer pool
2021-07-07 14:16:51 0 [Note] InnoDB: Starting crash recovery from checkpoint LSN=300692
2021-07-07 14:16:51 0 [Note] InnoDB: 128 out of 128 rollback segments are active.
2021-07-07 14:16:51 0 [Note] InnoDB: Removed temporary tablespace data file: "ibtmp1"
2021-07-07 14:16:51 0 [Note] InnoDB: Creating shared tablespace for temporary tables
2021-07-07 14:16:51 0 [Note] InnoDB: Setting file '\xampp\mysql\data\ibtmp1' size to 12 MB. Physically writing the file full; Please wait ...
2021-07-07 14:16:51 0 [Note] InnoDB: File '\xampp\mysql\data\ibtmp1' size is now 12 MB.
2021-07-07 14:16:51 0 [Note] InnoDB: Waiting for purge to start
2021-07-07 14:16:51 0 [Note] InnoDB: 10.4.19 started; log sequence number 300701; transaction id 193
2021-07-07 14:16:51 0 [Note] InnoDB: Loading buffer pool(s) from C:\xampp\mysql\data\ib_buffer_pool
2021-07-07 14:16:51 0 [Note] Plugin 'FEEDBACK' is disabled.
2021-07-07 14:16:51 0 [Note] Server socket created on IP: '::'.
2021-07-08  8:57:41 0 [Note] InnoDB: Mutexes and rw_locks use Windows interlocked functions
2021-07-08  8:57:41 0 [Note] InnoDB: Uses event mutexes
2021-07-08  8:57:41 0 [Note] InnoDB: Compressed tables use zlib 1.2.11
2021-07-08  8:57:41 0 [Note] InnoDB: Number of pools: 1
2021-07-08  8:57:41 0 [Note] InnoDB: Using SSE2 crc32 instructions
2021-07-08  8:57:41 0 [Note] InnoDB: Initializing buffer pool, total size = 16M, instances = 1, chunk size = 16M
2021-07-08  8:57:41 0 [Note] InnoDB: Completed initialization of buffer pool
2021-07-08  8:57:41 0 [Note] InnoDB: Starting crash recovery from checkpoint LSN=300710
2021-07-08  8:57:41 0 [Note] InnoDB: 128 out of 128 rollback segments are active.
2021-07-08  8:57:41 0 [Note] InnoDB: Removed temporary tablespace data file: "ibtmp1"
2021-07-08  8:57:41 0 [Note] InnoDB: Creating shared tablespace for temporary tables
2021-07-08  8:57:41 0 [Note] InnoDB: Setting file '\xampp\mysql\data\ibtmp1' size to 12 MB. Physically writing the file full; Please wait ...
2021-07-08  8:57:41 0 [Note] InnoDB: File '\xampp\mysql\data\ibtmp1' size is now 12 MB.
2021-07-08  8:57:41 0 [Note] InnoDB: Waiting for purge to start
2021-07-08  8:57:41 0 [Note] InnoDB: 10.4.19 started; log sequence number 300719; transaction id 193
2021-07-08  8:57:41 0 [Note] InnoDB: Loading buffer pool(s) from C:\xampp\mysql\data\ib_buffer_pool
2021-07-08  8:57:41 0 [Note] Plugin 'FEEDBACK' is disabled.
2021-07-08  8:57:41 0 [Note] InnoDB: Buffer pool(s) load completed at 210708  8:57:41
2021-07-08  8:57:41 0 [Note] Server socket created on IP: '::'.
2021-07-08 16:19:45 0 [Note] InnoDB: Mutexes and rw_locks use Windows interlocked functions
2021-07-08 16:19:45 0 [Note] InnoDB: Uses event mutexes
2021-07-08 16:19:45 0 [Note] InnoDB: Compressed tables use zlib 1.2.11
2021-07-08 16:19:45 0 [Note] InnoDB: Number of pools: 1
2021-07-08 16:19:45 0 [Note] InnoDB: Using SSE2 crc32 instructions
2021-07-08 16:19:45 0 [Note] InnoDB: Initializing buffer pool, total size = 16M, instances = 1, chunk size = 16M
2021-07-08 16:19:45 0 [Note] InnoDB: Completed initialization of buffer pool
2021-07-08 16:19:45 0 [Note] InnoDB: Starting crash recovery from checkpoint LSN=300728
2021-07-08 16:19:45 0 [Note] InnoDB: 128 out of 128 rollback segments are active.
2021-07-08 16:19:45 0 [Note] InnoDB: Removed temporary tablespace data file: "ibtmp1"
2021-07-08 16:19:45 0 [Note] InnoDB: Creating shared tablespace for temporary tables
2021-07-08 16:19:45 0 [Note] InnoDB: Setting file '\xampp\mysql\data\ibtmp1' size to 12 MB. Physically writing the file full; Please wait ...
2021-07-08 16:19:45 0 [Note] InnoDB: File '\xampp\mysql\data\ibtmp1' size is now 12 MB.
2021-07-08 16:19:45 0 [Note] InnoDB: Waiting for purge to start
2021-07-08 16:19:45 0 [Note] InnoDB: 10.4.19 started; log sequence number 300737; transaction id 193
2021-07-08 16:19:45 0 [Note] InnoDB: Loading buffer pool(s) from C:\xampp\mysql\data\ib_buffer_pool
2021-07-08 16:19:45 0 [Note] Plugin 'FEEDBACK' is disabled.
2021-07-08 16:19:45 0 [Note] Server socket created on IP: '::'.
2021-07-08 21:45:33 0 [Note] InnoDB: Mutexes and rw_locks use Windows interlocked functions
2021-07-08 21:45:33 0 [Note] InnoDB: Uses event mutexes
2021-07-08 21:45:33 0 [Note] InnoDB: Compressed tables use zlib 1.2.11
2021-07-08 21:45:33 0 [Note] InnoDB: Number of pools: 1
2021-07-08 21:45:33 0 [Note] InnoDB: Using SSE2 crc32 instructions
2021-07-08 21:45:33 0 [Note] InnoDB: Initializing buffer pool, total size = 16M, instances = 1, chunk size = 16M
2021-07-08 21:45:33 0 [Note] InnoDB: Completed initialization of buffer pool
2021-07-08 21:45:33 0 [Note] InnoDB: Starting crash recovery from checkpoint LSN=300746
2021-07-08 21:45:34 0 [Note] InnoDB: 128 out of 128 rollback segments are active.
2021-07-08 21:45:34 0 [Note] InnoDB: Removed temporary tablespace data file: "ibtmp1"
2021-07-08 21:45:34 0 [Note] InnoDB: Creating shared tablespace for temporary tables
2021-07-08 21:45:34 0 [Note] InnoDB: Setting file '\xampp\mysql\data\ibtmp1' size to 12 MB. Physically writing the file full; Please wait ...
2021-07-08 21:45:34 0 [Note] InnoDB: File '\xampp\mysql\data\ibtmp1' size is now 12 MB.
2021-07-08 21:45:34 0 [Note] InnoDB: Waiting for purge to start
2021-07-08 21:45:34 0 [Note] InnoDB: 10.4.19 started; log sequence number 300755; transaction id 193
2021-07-08 21:45:34 0 [Note] InnoDB: Loading buffer pool(s) from C:\xampp\mysql\data\ib_buffer_pool
2021-07-08 21:45:34 0 [Note] Plugin 'FEEDBACK' is disabled.
2021-07-08 21:45:34 0 [Note] InnoDB: Buffer pool(s) load completed at 210708 21:45:34
2021-07-08 21:45:34 0 [Note] Server socket created on IP: '::'.
2021-07-10 16:33:12 0 [Note] InnoDB: Mutexes and rw_locks use Windows interlocked functions
2021-07-10 16:33:12 0 [Note] InnoDB: Uses event mutexes
2021-07-10 16:33:12 0 [Note] InnoDB: Compressed tables use zlib 1.2.11
2021-07-10 16:33:12 0 [Note] InnoDB: Number of pools: 1
2021-07-10 16:33:12 0 [Note] InnoDB: Using SSE2 crc32 instructions
2021-07-10 16:33:12 0 [Note] InnoDB: Initializing buffer pool, total size = 16M, instances = 1, chunk size = 16M
2021-07-10 16:33:12 0 [Note] InnoDB: Completed initialization of buffer pool
2021-07-10 16:33:12 0 [Note] InnoDB: Starting crash recovery from checkpoint LSN=300764
2021-07-10 16:33:12 0 [Note] InnoDB: 128 out of 128 rollback segments are active.
2021-07-10 16:33:12 0 [Note] InnoDB: Removed temporary tablespace data file: "ibtmp1"
2021-07-10 16:33:12 0 [Note] InnoDB: Creating shared tablespace for temporary tables
2021-07-10 16:33:12 0 [Note] InnoDB: Setting file '\xampp\mysql\data\ibtmp1' size to 12 MB. Physically writing the file full; Please wait ...
2021-07-10 16:33:12 0 [Note] InnoDB: File '\xampp\mysql\data\ibtmp1' size is now 12 MB.
2021-07-10 16:33:12 0 [Note] InnoDB: Waiting for purge to start
2021-07-10 16:33:12 0 [Note] InnoDB: 10.4.19 started; log sequence number 300773; transaction id 193
2021-07-10 16:33:12 0 [Note] InnoDB: Loading buffer pool(s) from C:\xampp\mysql\data\ib_buffer_pool
2021-07-10 16:33:12 0 [Note] Plugin 'FEEDBACK' is disabled.
2021-07-10 16:33:12 0 [Note] InnoDB: Buffer pool(s) load completed at 210710 16:33:12
2021-07-10 16:33:12 0 [Note] Server socket created on IP: '::'.
2021-07-27  0:50:07 0 [Note] InnoDB: Mutexes and rw_locks use Windows interlocked functions
2021-07-27  0:50:07 0 [Note] InnoDB: Uses event mutexes
2021-07-27  0:50:07 0 [Note] InnoDB: Compressed tables use zlib 1.2.11
2021-07-27  0:50:07 0 [Note] InnoDB: Number of pools: 1
2021-07-27  0:50:07 0 [Note] InnoDB: Using SSE2 crc32 instructions
2021-07-27  0:50:07 0 [Note] InnoDB: Initializing buffer pool, total size = 16M, instances = 1, chunk size = 16M
2021-07-27  0:50:07 0 [Note] InnoDB: Completed initialization of buffer pool
2021-07-27  0:50:07 0 [Note] InnoDB: Starting crash recovery from checkpoint LSN=312695
2021-07-27  0:50:08 0 [Note] InnoDB: 128 out of 128 rollback segments are active.
2021-07-27  0:50:08 0 [Note] InnoDB: Removed temporary tablespace data file: "ibtmp1"
2021-07-27  0:50:08 0 [Note] InnoDB: Creating shared tablespace for temporary tables
2021-07-27  0:50:08 0 [Note] InnoDB: Setting file '\xampp\mysql\data\ibtmp1' size to 12 MB. Physically writing the file full; Please wait ...
2021-07-27  0:50:08 0 [Note] InnoDB: File '\xampp\mysql\data\ibtmp1' size is now 12 MB.
2021-07-27  0:50:08 0 [Note] InnoDB: Waiting for purge to start
2021-07-27  0:50:08 0 [Note] InnoDB: 10.4.19 started; log sequence number 312704; transaction id 251
2021-07-27  0:50:08 0 [Note] InnoDB: Loading buffer pool(s) from C:\xampp\mysql\data\ib_buffer_pool
2021-07-27  0:50:08 0 [Note] Plugin 'FEEDBACK' is disabled.
2021-07-27  0:50:08 0 [Note] InnoDB: Buffer pool(s) load completed at 210727  0:50:08
2021-07-27  0:50:08 0 [Note] Server socket created on IP: '::'.
2021-07-27 16:35:47 0 [Note] InnoDB: Mutexes and rw_locks use Windows interlocked functions
2021-07-27 16:35:47 0 [Note] InnoDB: Uses event mutexes
2021-07-27 16:35:47 0 [Note] InnoDB: Compressed tables use zlib 1.2.11
2021-07-27 16:35:47 0 [Note] InnoDB: Number of pools: 1
2021-07-27 16:35:47 0 [Note] InnoDB: Using SSE2 crc32 instructions
2021-07-27 16:35:47 0 [Note] InnoDB: Initializing buffer pool, total size = 16M, instances = 1, chunk size = 16M
2021-07-27 16:35:47 0 [Note] InnoDB: Completed initialization of buffer pool
2021-07-27 16:35:47 0 [Note] InnoDB: Starting crash recovery from checkpoint LSN=312713
2021-07-27 16:35:47 0 [Note] InnoDB: 128 out of 128 rollback segments are active.
2021-07-27 16:35:47 0 [Note] InnoDB: Removed temporary tablespace data file: "ibtmp1"
2021-07-27 16:35:47 0 [Note] InnoDB: Creating shared tablespace for temporary tables
2021-07-27 16:35:47 0 [Note] InnoDB: Setting file '\xampp\mysql\data\ibtmp1' size to 12 MB. Physically writing the file full; Please wait ...
2021-07-27 16:35:47 0 [Note] InnoDB: File '\xampp\mysql\data\ibtmp1' size is now 12 MB.
2021-07-27 16:35:47 0 [Note] InnoDB: Waiting for purge to start
2021-07-27 16:35:47 0 [Note] InnoDB: 10.4.19 started; log sequence number 312722; transaction id 251
2021-07-27 16:35:47 0 [Note] InnoDB: Loading buffer pool(s) from C:\xampp\mysql\data\ib_buffer_pool
2021-07-27 16:35:47 0 [Note] Plugin 'FEEDBACK' is disabled.
2021-07-27 16:35:47 0 [Note] InnoDB: Buffer pool(s) load completed at 210727 16:35:47
2021-07-27 16:35:47 0 [Note] Server socket created on IP: '::'.
2021-07-27 17:03:41 0 [Note] InnoDB: Mutexes and rw_locks use Windows interlocked functions
2021-07-27 17:03:41 0 [Note] InnoDB: Uses event mutexes
2021-07-27 17:03:41 0 [Note] InnoDB: Compressed tables use zlib 1.2.11
2021-07-27 17:03:41 0 [Note] InnoDB: Number of pools: 1
2021-07-27 17:03:41 0 [Note] InnoDB: Using SSE2 crc32 instructions
2021-07-27 17:03:41 0 [Note] InnoDB: Initializing buffer pool, total size = 16M, instances = 1, chunk size = 16M
2021-07-27 17:03:41 0 [Note] InnoDB: Completed initialization of buffer pool
2021-07-27 17:03:41 0 [Note] InnoDB: Starting crash recovery from checkpoint LSN=312731
2021-07-27 17:03:42 0 [Note] InnoDB: 128 out of 128 rollback segments are active.
2021-07-27 17:03:42 0 [Note] InnoDB: Removed temporary tablespace data file: "ibtmp1"
2021-07-27 17:03:42 0 [Note] InnoDB: Creating shared tablespace for temporary tables
2021-07-27 17:03:42 0 [Note] InnoDB: Setting file '\xampp\mysql\data\ibtmp1' size to 12 MB. Physically writing the file full; Please wait ...
2021-07-27 17:03:42 0 [Note] InnoDB: File '\xampp\mysql\data\ibtmp1' size is now 12 MB.
2021-07-27 17:03:42 0 [Note] InnoDB: Waiting for purge to start
2021-07-27 17:03:42 0 [Note] InnoDB: 10.4.19 started; log sequence number 312740; transaction id 251
2021-07-27 17:03:42 0 [Note] InnoDB: Loading buffer pool(s) from C:\xampp\mysql\data\ib_buffer_pool
2021-07-27 17:03:42 0 [Note] Plugin 'FEEDBACK' is disabled.
2021-07-27 17:03:42 0 [Note] InnoDB: Buffer pool(s) load completed at 210727 17:03:42
2021-07-27 17:03:42 0 [Note] Server socket created on IP: '::'.
2021-07-27 18:25:20 0 [Note] InnoDB: Mutexes and rw_locks use Windows interlocked functions
2021-07-27 18:25:20 0 [Note] InnoDB: Uses event mutexes
2021-07-27 18:25:20 0 [Note] InnoDB: Compressed tables use zlib 1.2.11
2021-07-27 18:25:20 0 [Note] InnoDB: Number of pools: 1
2021-07-27 18:25:20 0 [Note] InnoDB: Using SSE2 crc32 instructions
2021-07-27 18:25:20 0 [Note] InnoDB: Initializing buffer pool, total size = 16M, instances = 1, chunk size = 16M
2021-07-27 18:25:20 0 [Note] InnoDB: Completed initialization of buffer pool
2021-07-27 18:25:20 0 [Note] InnoDB: Starting crash recovery from checkpoint LSN=312749
2021-07-27 18:25:20 0 [Note] InnoDB: 128 out of 128 rollback segments are active.
2021-07-27 18:25:20 0 [Note] InnoDB: Removed temporary tablespace data file: "ibtmp1"
2021-07-27 18:25:20 0 [Note] InnoDB: Creating shared tablespace for temporary tables
2021-07-27 18:25:20 0 [Note] InnoDB: Setting file '\xampp\mysql\data\ibtmp1' size to 12 MB. Physically writing the file full; Please wait ...
2021-07-27 18:25:20 0 [Note] InnoDB: File '\xampp\mysql\data\ibtmp1' size is now 12 MB.
2021-07-27 18:25:20 0 [Note] InnoDB: Waiting for purge to start
2021-07-27 18:25:20 0 [Note] InnoDB: 10.4.19 started; log sequence number 312758; transaction id 251
2021-07-27 18:25:20 0 [Note] InnoDB: Loading buffer pool(s) from C:\xampp\mysql\data\ib_buffer_pool
2021-07-27 18:25:20 0 [Note] Plugin 'FEEDBACK' is disabled.
2021-07-27 18:25:20 0 [Note] Server socket created on IP: '::'.
2021-07-27 19:03:27 0 [Note] InnoDB: Mutexes and rw_locks use Windows interlocked functions
2021-07-27 19:03:27 0 [Note] InnoDB: Uses event mutexes
2021-07-27 19:03:27 0 [Note] InnoDB: Compressed tables use zlib 1.2.11
2021-07-27 19:03:27 0 [Note] InnoDB: Number of pools: 1
2021-07-27 19:03:27 0 [Note] InnoDB: Using SSE2 crc32 instructions
2021-07-27 19:03:27 0 [Note] InnoDB: Initializing buffer pool, total size = 16M, instances = 1, chunk size = 16M
2021-07-27 19:03:27 0 [Note] InnoDB: Completed initialization of buffer pool
2021-07-27 19:03:27 0 [Note] InnoDB: Starting crash recovery from checkpoint LSN=312767
2021-07-27 19:03:27 0 [Note] InnoDB: 128 out of 128 rollback segments are active.
2021-07-27 19:03:27 0 [Note] InnoDB: Removed temporary tablespace data file: "ibtmp1"
2021-07-27 19:03:27 0 [Note] InnoDB: Creating shared tablespace for temporary tables
2021-07-27 19:03:27 0 [Note] InnoDB: Setting file '\xampp\mysql\data\ibtmp1' size to 12 MB. Physically writing the file full; Please wait ...
2021-07-27 19:03:27 0 [Note] InnoDB: File '\xampp\mysql\data\ibtmp1' size is now 12 MB.
2021-07-27 19:03:27 0 [Note] InnoDB: Waiting for purge to start
2021-07-27 19:03:27 0 [Note] InnoDB: 10.4.19 started; log sequence number 312776; transaction id 251
2021-07-27 19:03:27 0 [Note] InnoDB: Loading buffer pool(s) from C:\xampp\mysql\data\ib_buffer_pool
2021-07-27 19:03:27 0 [Note] Plugin 'FEEDBACK' is disabled.
2021-07-27 19:03:27 0 [Note] InnoDB: Buffer pool(s) load completed at 210727 19:03:27
2021-07-27 19:03:27 0 [Note] Server socket created on IP: '::'.
2021-07-27 19:06:46 0 [Note] InnoDB: Mutexes and rw_locks use Windows interlocked functions
2021-07-27 19:06:46 0 [Note] InnoDB: Uses event mutexes
2021-07-27 19:06:46 0 [Note] InnoDB: Compressed tables use zlib 1.2.11
2021-07-27 19:06:46 0 [Note] InnoDB: Number of pools: 1
2021-07-27 19:06:46 0 [Note] InnoDB: Using SSE2 crc32 instructions
2021-07-27 19:06:46 0 [Note] InnoDB: Initializing buffer pool, total size = 16M, instances = 1, chunk size = 16M
2021-07-27 19:06:46 0 [Note] InnoDB: Completed initialization of buffer pool
2021-07-27 19:06:46 0 [Note] InnoDB: Starting crash recovery from checkpoint LSN=312785
2021-07-27 19:06:46 0 [Note] InnoDB: 128 out of 128 rollback segments are active.
2021-07-27 19:06:46 0 [Note] InnoDB: Removed temporary tablespace data file: "ibtmp1"
2021-07-27 19:06:46 0 [Note] InnoDB: Creating shared tablespace for temporary tables
2021-07-27 19:06:46 0 [Note] InnoDB: Setting file '\xampp\mysql\data\ibtmp1' size to 12 MB. Physically writing the file full; Please wait ...
2021-07-27 19:06:46 0 [Note] InnoDB: File '\xampp\mysql\data\ibtmp1' size is now 12 MB.
2021-07-27 19:06:46 0 [Note] InnoDB: Waiting for purge to start
2021-07-27 19:06:46 0 [Note] InnoDB: 10.4.19 started; log sequence number 312794; transaction id 251
2021-07-27 19:06:46 0 [Note] InnoDB: Loading buffer pool(s) from C:\xampp\mysql\data\ib_buffer_pool
2021-07-27 19:06:46 0 [Note] Plugin 'FEEDBACK' is disabled.
2021-07-27 19:06:46 0 [Note] Server socket created on IP: '::'.
2021-07-27 21:19:13 0 [Note] InnoDB: Mutexes and rw_locks use Windows interlocked functions
2021-07-27 21:19:13 0 [Note] InnoDB: Uses event mutexes
2021-07-27 21:19:13 0 [Note] InnoDB: Compressed tables use zlib 1.2.11
2021-07-27 21:19:13 0 [Note] InnoDB: Number of pools: 1
2021-07-27 21:19:13 0 [Note] InnoDB: Using SSE2 crc32 instructions
2021-07-27 21:19:13 0 [Note] InnoDB: Initializing buffer pool, total size = 16M, instances = 1, chunk size = 16M
2021-07-27 21:19:13 0 [Note] InnoDB: Completed initialization of buffer pool
2021-07-27 21:19:13 0 [Note] InnoDB: Starting crash recovery from checkpoint LSN=312803
2021-07-27 21:19:13 0 [Note] InnoDB: 128 out of 128 rollback segments are active.
2021-07-27 21:19:13 0 [Note] InnoDB: Removed temporary tablespace data file: "ibtmp1"
2021-07-27 21:19:13 0 [Note] InnoDB: Creating shared tablespace for temporary tables
2021-07-27 21:19:13 0 [Note] InnoDB: Setting file 'C:\xampp\mysql\data\ibtmp1' size to 12 MB. Physically writing the file full; Please wait ...
2021-07-27 21:19:13 0 [Note] InnoDB: File 'C:\xampp\mysql\data\ibtmp1' size is now 12 MB.
2021-07-27 21:19:13 0 [Note] InnoDB: Waiting for purge to start
2021-07-27 21:19:13 0 [Note] InnoDB: 10.4.19 started; log sequence number 312812; transaction id 251
2021-07-27 21:19:13 0 [Note] InnoDB: Loading buffer pool(s) from C:\xampp\mysql\data\ib_buffer_pool
2021-07-27 21:19:13 0 [Note] Plugin 'FEEDBACK' is disabled.
2021-07-27 21:19:13 0 [Note] Server socket created on IP: '::'.
2021-07-27 23:47:18 0 [Note] InnoDB: Mutexes and rw_locks use Windows interlocked functions
2021-07-27 23:47:18 0 [Note] InnoDB: Uses event mutexes
2021-07-27 23:47:18 0 [Note] InnoDB: Compressed tables use zlib 1.2.11
2021-07-27 23:47:18 0 [Note] InnoDB: Number of pools: 1
2021-07-27 23:47:18 0 [Note] InnoDB: Using SSE2 crc32 instructions
2021-07-27 23:47:18 0 [Note] InnoDB: Initializing buffer pool, total size = 16M, instances = 1, chunk size = 16M
2021-07-27 23:47:18 0 [Note] InnoDB: Completed initialization of buffer pool
2021-07-27 23:47:18 0 [Note] InnoDB: Starting crash recovery from checkpoint LSN=312846
2021-07-27 23:47:18 0 [Note] InnoDB: 128 out of 128 rollback segments are active.
2021-07-27 23:47:18 0 [Note] InnoDB: Removed temporary tablespace data file: "ibtmp1"
2021-07-27 23:47:18 0 [Note] InnoDB: Creating shared tablespace for temporary tables
2021-07-27 23:47:18 0 [Note] InnoDB: Setting file 'C:\xampp\mysql\data\ibtmp1' size to 12 MB. Physically writing the file full; Please wait ...
2021-07-27 23:47:18 0 [Note] InnoDB: File 'C:\xampp\mysql\data\ibtmp1' size is now 12 MB.
2021-07-27 23:47:18 0 [Note] InnoDB: Waiting for purge to start
2021-07-27 23:47:18 0 [Note] InnoDB: 10.4.19 started; log sequence number 312855; transaction id 251
2021-07-27 23:47:18 0 [Note] InnoDB: Loading buffer pool(s) from C:\xampp\mysql\data\ib_buffer_pool
2021-07-27 23:47:18 0 [Note] Plugin 'FEEDBACK' is disabled.
2021-07-27 23:47:18 0 [Note] Server socket created on IP: '::'.
2021-07-28 21:27:19 0 [Note] InnoDB: Mutexes and rw_locks use Windows interlocked functions
2021-07-28 21:27:19 0 [Note] InnoDB: Uses event mutexes
2021-07-28 21:27:19 0 [Note] InnoDB: Compressed tables use zlib 1.2.11
2021-07-28 21:27:19 0 [Note] InnoDB: Number of pools: 1
2021-07-28 21:27:19 0 [Note] InnoDB: Using SSE2 crc32 instructions
2021-07-28 21:27:19 0 [Note] InnoDB: Initializing buffer pool, total size = 16M, instances = 1, chunk size = 16M
2021-07-28 21:27:19 0 [Note] InnoDB: Completed initialization of buffer pool
2021-07-28 21:27:19 0 [Note] InnoDB: Starting crash recovery from checkpoint LSN=312864
2021-07-28 21:27:19 0 [Note] InnoDB: 128 out of 128 rollback segments are active.
2021-07-28 21:27:19 0 [Note] InnoDB: Removed temporary tablespace data file: "ibtmp1"
2021-07-28 21:27:19 0 [Note] InnoDB: Creating shared tablespace for temporary tables
2021-07-28 21:27:19 0 [Note] InnoDB: Setting file 'C:\xampp\mysql\data\ibtmp1' size to 12 MB. Physically writing the file full; Please wait ...
2021-07-28 21:27:19 0 [Note] InnoDB: File 'C:\xampp\mysql\data\ibtmp1' size is now 12 MB.
2021-07-28 21:27:19 0 [Note] InnoDB: Waiting for purge to start
2021-07-28 21:27:20 0 [Note] InnoDB: 10.4.19 started; log sequence number 312873; transaction id 251
2021-07-28 21:27:20 0 [Note] InnoDB: Loading buffer pool(s) from C:\xampp\mysql\data\ib_buffer_pool
2021-07-28 21:27:20 0 [Note] Plugin 'FEEDBACK' is disabled.
2021-07-28 21:27:20 0 [Note] InnoDB: Buffer pool(s) load completed at 210728 21:27:20
2021-07-28 21:27:20 0 [Note] Server socket created on IP: '::'.
2021-07-29 23:28:15 0 [Note] InnoDB: Mutexes and rw_locks use Windows interlocked functions
2021-07-29 23:28:15 0 [Note] InnoDB: Uses event mutexes
2021-07-29 23:28:15 0 [Note] InnoDB: Compressed tables use zlib 1.2.11
2021-07-29 23:28:15 0 [Note] InnoDB: Number of pools: 1
2021-07-29 23:28:15 0 [Note] InnoDB: Using SSE2 crc32 instructions
2021-07-29 23:28:15 0 [Note] InnoDB: Initializing buffer pool, total size = 16M, instances = 1, chunk size = 16M
2021-07-29 23:28:15 0 [Note] InnoDB: Completed initialization of buffer pool
2021-07-29 23:28:15 0 [Note] InnoDB: Starting crash recovery from checkpoint LSN=312882
2021-07-29 23:28:15 0 [Note] InnoDB: 128 out of 128 rollback segments are active.
2021-07-29 23:28:15 0 [Note] InnoDB: Removed temporary tablespace data file: "ibtmp1"
2021-07-29 23:28:15 0 [Note] InnoDB: Creating shared tablespace for temporary tables
2021-07-29 23:28:15 0 [Note] InnoDB: Setting file 'C:\xampp\mysql\data\ibtmp1' size to 12 MB. Physically writing the file full; Please wait ...
2021-07-29 23:28:15 0 [Note] InnoDB: File 'C:\xampp\mysql\data\ibtmp1' size is now 12 MB.
2021-07-29 23:28:15 0 [Note] InnoDB: Waiting for purge to start
2021-07-29 23:28:16 0 [Note] InnoDB: 10.4.19 started; log sequence number 312891; transaction id 251
2021-07-29 23:28:16 0 [Note] InnoDB: Loading buffer pool(s) from C:\xampp\mysql\data\ib_buffer_pool
2021-07-29 23:28:16 0 [Note] Plugin 'FEEDBACK' is disabled.
2021-07-29 23:28:16 0 [Note] InnoDB: Buffer pool(s) load completed at 210729 23:28:16
2021-07-29 23:28:16 0 [Note] Server socket created on IP: '::'.
2021-07-29 23:35:24 0 [Note] InnoDB: Mutexes and rw_locks use Windows interlocked functions
2021-07-29 23:35:24 0 [Note] InnoDB: Uses event mutexes
2021-07-29 23:35:24 0 [Note] InnoDB: Compressed tables use zlib 1.2.11
2021-07-29 23:35:24 0 [Note] InnoDB: Number of pools: 1
2021-07-29 23:35:24 0 [Note] InnoDB: Using SSE2 crc32 instructions
2021-07-29 23:35:24 0 [Note] InnoDB: Initializing buffer pool, total size = 16M, instances = 1, chunk size = 16M
2021-07-29 23:35:24 0 [Note] InnoDB: Completed initialization of buffer pool
2021-07-29 23:35:24 0 [Note] InnoDB: Starting crash recovery from checkpoint LSN=312900
2021-07-29 23:35:24 0 [Note] InnoDB: 128 out of 128 rollback segments are active.
2021-07-29 23:35:24 0 [Note] InnoDB: Removed temporary tablespace data file: "ibtmp1"
2021-07-29 23:35:24 0 [Note] InnoDB: Creating shared tablespace for temporary tables
2021-07-29 23:35:24 0 [Note] InnoDB: Setting file 'C:\xampp\mysql\data\ibtmp1' size to 12 MB. Physically writing the file full; Please wait ...
2021-07-29 23:35:24 0 [Note] InnoDB: File 'C:\xampp\mysql\data\ibtmp1' size is now 12 MB.
2021-07-29 23:35:24 0 [Note] InnoDB: Waiting for purge to start
2021-07-29 23:35:24 0 [Note] InnoDB: 10.4.19 started; log sequence number 312909; transaction id 251
2021-07-29 23:35:24 0 [Note] InnoDB: Loading buffer pool(s) from C:\xampp\mysql\data\ib_buffer_pool
2021-07-29 23:35:24 0 [Note] Plugin 'FEEDBACK' is disabled.
2021-07-29 23:35:24 0 [Note] Server socket created on IP: '::'.
